[2025-04-09T01:41:03.560Z] undefined (undefined) -> User Signup POST /auth/signup
[2025-04-09T01:43:09.783Z] undefined (undefined) -> User Signup POST /auth/signup
[2025-04-09T01:52:25.520Z] undefined (undefined) -> User Login POST /auth/login
[2025-04-09T01:56:00.631Z] ADMIN (undefined) -> Create User POST /admin/create-user
[2025-04-09T01:58:35.254Z] ADMIN (undefined) -> Create User POST /admin/create-user
[2025-04-09T02:00:05.947Z] undefined (undefined) -> User Login POST /auth/login
[2025-04-09T02:01:55.231Z] undefined (undefined) -> User Login POST /auth/login
[2025-04-09T02:08:53.850Z] EMPLOYEE (undefined) -> Expense Submission POST /expenses/submit
[2025-04-09T02:23:36.712Z] ADMIN (undefined) -> Create User POST /admin/create-user
[2025-04-09T02:28:06.570Z] ADMIN (undefined) -> Create User POST /admin/create-user
[2025-04-09T02:30:15.958Z] ADMIN (undefined) -> Create User POST /admin/create-user
[2025-04-09T02:32:01.426Z] undefined (undefined) -> User Login POST /auth/login
[2025-04-09T02:54:24.860Z] EMPLOYEE (undefined) -> Expense Submission POST /expenses/submit
[2025-04-09T05:12:47.916Z] ADMIN (undefined) -> Admin Dashboard Access GET /admin/dashboard
[2025-04-09T08:02:22.139Z] undefined (undefined) -> User Login POST /auth/login
[2025-04-09T09:37:59.389Z] undefined (undefined) -> User Login POST /auth/login
[2025-04-09T09:38:37.080Z] undefined (undefined) -> User Login POST /auth/login
[2025-04-09T09:39:19.340Z] undefined (undefined) -> User Login POST /auth/login
[2025-04-09T09:43:03.637Z] undefined (undefined) -> User Login POST /auth/login
[2025-04-09T09:46:06.856Z] undefined (undefined) -> User Login POST /auth/login
[2025-04-09T09:50:41.641Z] undefined (undefined) -> User Login POST /auth/login
[2025-04-09T10:15:23.560Z] undefined (undefined) -> User Login POST /auth/login
[2025-04-09T12:39:42.692Z] EMPLOYEE (undefined) -> Expense Submission POST /expenses/submit
[2025-04-09T12:39:43.119Z] EMPLOYEE (undefined) -> Expense Submission POST /expenses/submit
[2025-04-09T12:39:52.864Z] EMPLOYEE (undefined) -> Expense Submission POST /expenses/submit
[2025-04-09T12:48:18.844Z] EMPLOYEE (undefined) -> Expense Submission POST /expenses/submit
[2025-04-09T13:07:26.525Z] undefined (undefined) -> User Login POST /auth/login
[2025-04-09T13:14:59.713Z] undefined (undefined) -> User Login POST /auth/login
[2025-04-09T13:16:17.885Z] undefined (undefined) -> User Login POST /auth/login
[2025-04-09T13:52:15.980Z] undefined (undefined) -> User Login POST /auth/login
[2025-04-09T15:58:37.678Z] undefined (undefined) -> User Login POST /auth/login
[2025-04-09T15:59:08.502Z] undefined (undefined) -> User Login POST /auth/login
[2025-04-09T16:02:29.657Z] undefined (undefined) -> User Login POST /auth/login
[2025-04-09T23:53:11.307Z] undefined (undefined) -> User Login POST /auth/login
[2025-04-09T23:54:15.585Z] undefined (undefined) -> User Login POST /auth/login
[2025-04-10T00:02:20.785Z] undefined (undefined) -> User Login POST /auth/login
[2025-04-10T00:06:45.555Z] undefined (undefined) -> User Login POST /auth/login
[2025-04-10T00:07:57.907Z] undefined (undefined) -> User Login POST /auth/login
[2025-04-10T00:08:17.061Z] undefined (undefined) -> User Login POST /auth/login
[2025-04-10T00:18:11.907Z] EMPLOYEE (undefined) -> Expense Submission POST /expenses/submit
[2025-04-10T00:26:30.447Z] undefined (undefined) -> User Login POST /auth/login
[2025-04-10T00:26:31.349Z] undefined (undefined) -> User Login POST /auth/login
[2025-04-10T00:26:31.941Z] undefined (undefined) -> User Login POST /auth/login
[2025-04-10T00:27:25.391Z] undefined (undefined) -> User Login POST /auth/login
[2025-04-10T00:30:17.611Z] undefined (undefined) -> User Login POST /auth/login
[2025-04-10T00:32:58.047Z] undefined (undefined) -> User Login POST /auth/login
[2025-04-10T00:36:22.113Z] undefined (undefined) -> User Login POST /auth/login
[2025-04-10T00:40:07.107Z] undefined (undefined) -> User Login POST /auth/login
[2025-04-10T00:44:42.578Z] EMPLOYEE (undefined) -> Expense Submission POST /expenses/submit
[2025-04-10T00:48:08.775Z] undefined (undefined) -> User Login POST /auth/login
[2025-04-10T00:51:10.674Z] undefined (undefined) -> User Login POST /auth/login
[2025-04-10T00:51:52.607Z] undefined (undefined) -> User Login POST /auth/login
[2025-04-10T00:55:28.793Z] undefined (undefined) -> User Login POST /auth/login
[2025-04-10T00:57:02.716Z] undefined (undefined) -> User Login POST /auth/login
[2025-04-10T00:57:05.171Z] undefined (undefined) -> User Login POST /auth/login
[2025-04-10T00:58:48.014Z] undefined (undefined) -> User Login POST /auth/login
[2025-04-10T01:01:11.389Z] undefined (undefined) -> User Login POST /auth/login
[2025-04-10T01:04:09.943Z] undefined (undefined) -> User Login POST /auth/login
[2025-04-10T01:04:29.313Z] undefined (undefined) -> User Login POST /auth/login
[2025-04-10T01:05:50.481Z] EMPLOYEE (undefined) -> Expense Submission POST /expenses/submit
[2025-04-10T01:14:17.606Z] undefined (undefined) -> User Login POST /auth/login
[2025-04-10T01:14:48.597Z] undefined (undefined) -> User Login POST /auth/login
[2025-04-10T01:15:17.016Z] EMPLOYEE (undefined) -> Expense Submission POST /expenses/submit
[2025-04-10T01:16:28.269Z] undefined (undefined) -> User Login POST /auth/login
[2025-04-10T01:24:45.367Z] EMPLOYEE (undefined) -> Expense Submission POST /expenses/submit
[2025-04-10T01:29:35.387Z] undefined (undefined) -> User Login POST /auth/login
[2025-04-10T01:29:50.411Z] undefined (undefined) -> User Login POST /auth/login
[2025-04-10T01:31:01.538Z] EMPLOYEE (undefined) -> Expense Submission POST /expenses/submit
[2025-04-10T01:55:14.786Z] EMPLOYEE (undefined) -> Expense Submission POST /expenses/submit
[2025-04-10T01:58:51.218Z] EMPLOYEE (undefined) -> Expense Submission POST /expenses/submit
[2025-04-10T02:01:39.794Z] EMPLOYEE (undefined) -> Expense Submission POST /expenses/submit
[2025-04-10T03:04:43.686Z] EMPLOYEE (undefined) -> Expense Submission POST /expenses/submit
[2025-04-10T03:26:49.730Z] undefined (undefined) -> User Login POST /auth/login
[2025-04-10T03:28:34.048Z] EMPLOYEE (undefined) -> Expense Submission POST /expenses/submit
[2025-04-10T04:09:26.568Z] EMPLOYEE (undefined) -> Expense Submission POST /expenses/submit
[2025-04-10T04:34:39.680Z] undefined (undefined) -> User Login POST /auth/login
[2025-04-10T04:35:00.021Z] EMPLOYEE (e@gmail.com) -> Expense Submission POST /expenses/submit
[2025-04-10T05:14:53.070Z] undefined (undefined) -> User Login POST /auth/login
[2025-04-10T05:15:55.585Z] EMPLOYEE (tm@gmail.com) -> Expense Submission POST /expenses/submit
